#! /usr/bin/vvp
:ivl_version "10.3 (stable)";
:ivl_delay_selection "TYPICAL";
:vpi_time_precision + 0;
:vpi_module "system";
:vpi_module "vhdl_sys";
:vpi_module "v2005_math";
:vpi_module "va_math";
S_0x562b5afcecc0 .scope module, "tb_clock3" "tb_clock3" 2 3;
 .timescale 0 0;
P_0x562b5af986e0 .param/l "TF" 0 2 4, +C4<00000000000000000000000000000010>;
P_0x562b5af98720 .param/l "TH" 0 2 5, +C4<00000000000000000000000000000001>;
v0x562b5afde5f0_0 .net "clk3", 0 0, v0x562b5afcef10_0;  1 drivers
S_0x562b5af99070 .scope module, "CLK3GEN" "clock3" 2 18, 3 1 0, S_0x562b5afcecc0;
 .timescale 0 0;
    .port_info 0 /OUTPUT 1 "clk3"
v0x562b5afcef10_0 .var "clk3", 0 0;
    .scope S_0x562b5af99070;
T_0 ;
    %pushi/vec4 0, 0, 1;
    %store/vec4 v0x562b5afcef10_0, 0, 1;
    %end;
    .thread T_0;
    .scope S_0x562b5af99070;
T_1 ;
    %load/vec4 v0x562b5afcef10_0;
    %flag_set/vec4 8;
    %jmp/0xz  T_1.0, 8;
    %delay 1, 0;
    %pushi/vec4 0, 0, 1;
    %store/vec4 v0x562b5afcef10_0, 0, 1;
    %jmp T_1.1;
T_1.0 ;
    %delay 1, 0;
    %pushi/vec4 1, 0, 1;
    %store/vec4 v0x562b5afcef10_0, 0, 1;
T_1.1 ;
    %jmp T_1;
    .thread T_1;
    .scope S_0x562b5afcecc0;
T_2 ;
    %vpi_call 2 9 "$dumpfile", "tb_clock3.vcd" {0 0 0};
    %vpi_call 2 10 "$dumpvars", 32'sb00000000000000000000000000000000 {0 0 0};
    %end;
    .thread T_2;
    .scope S_0x562b5afcecc0;
T_3 ;
    %vpi_call 2 14 "$monitor", "%0d\011clk3=", $time, v0x562b5afde5f0_0 {0 0 0};
    %delay 10, 0;
    %vpi_call 2 15 "$finish" {0 0 0};
    %end;
    .thread T_3;
# The file index is used to find the file name in the following table.
:file_names 4;
    "N/A";
    "<interactive>";
    "tb_clock3.v";
    "./clock3.v";
