#! /usr/bin/vvp
:ivl_version "10.3 (stable)";
:ivl_delay_selection "TYPICAL";
:vpi_time_precision + 0;
:vpi_module "system";
:vpi_module "vhdl_sys";
:vpi_module "v2005_math";
:vpi_module "va_math";
S_0x5561ac3557a0 .scope module, "tb_clock1" "tb_clock1" 2 3;
 .timescale 0 0;
P_0x5561ac31f6e0 .param/l "TF" 0 2 4, +C4<00000000000000000000000000000010>;
P_0x5561ac31f720 .param/l "TH" 0 2 5, +C4<00000000000000000000000000000001>;
v0x5561ac364ef0_0 .net "clk1", 0 0, v0x5561ac3559f0_0;  1 drivers
S_0x5561ac320070 .scope module, "CLK1GEN" "clock1" 2 18, 3 1 0, S_0x5561ac3557a0;
 .timescale 0 0;
    .port_info 0 /OUTPUT 1 "clk1"
v0x5561ac3559f0_0 .var "clk1", 0 0;
    .scope S_0x5561ac320070;
T_0 ;
    %pushi/vec4 0, 0, 1;
    %store/vec4 v0x5561ac3559f0_0, 0, 1;
    %end;
    .thread T_0;
    .scope S_0x5561ac320070;
T_1 ;
    %delay 1, 0;
    %load/vec4 v0x5561ac3559f0_0;
    %addi 1, 0, 1;
    %store/vec4 v0x5561ac3559f0_0, 0, 1;
    %jmp T_1;
    .thread T_1;
    .scope S_0x5561ac3557a0;
T_2 ;
    %vpi_call 2 9 "$dumpfile", "tb_clock1.vcd" {0 0 0};
    %vpi_call 2 10 "$dumpvars", 32'sb00000000000000000000000000000000 {0 0 0};
    %end;
    .thread T_2;
    .scope S_0x5561ac3557a0;
T_3 ;
    %vpi_call 2 14 "$monitor", "%0d\011clk1=", $time, v0x5561ac364ef0_0 {0 0 0};
    %delay 10, 0;
    %vpi_call 2 15 "$finish" {0 0 0};
    %end;
    .thread T_3;
# The file index is used to find the file name in the following table.
:file_names 4;
    "N/A";
    "<interactive>";
    "tb_clock1.v";
    "./clock1.v";
