#! /usr/bin/vvp
:ivl_version "10.3 (stable)";
:ivl_delay_selection "TYPICAL";
:vpi_time_precision + 0;
:vpi_module "system";
:vpi_module "vhdl_sys";
:vpi_module "v2005_math";
:vpi_module "va_math";
S_0x556308c5ceb0 .scope module, "tb_clock4" "tb_clock4" 2 3;
 .timescale 0 0;
P_0x556308c266e0 .param/l "TF" 0 2 4, +C4<00000000000000000000000000000010>;
P_0x556308c26720 .param/l "TH" 0 2 5, +C4<00000000000000000000000000000001>;
v0x556308c6c8c0_0 .net "clk4", 0 0, v0x556308c5d100_0;  1 drivers
S_0x556308c27070 .scope module, "CLK4GEN" "clock4" 2 18, 3 1 0, S_0x556308c5ceb0;
 .timescale 0 0;
    .port_info 0 /OUTPUT 1 "clk4"
v0x556308c5d100_0 .var "clk4", 0 0;
    .scope S_0x556308c27070;
T_0 ;
    %pushi/vec4 0, 0, 1;
    %store/vec4 v0x556308c5d100_0, 0, 1;
    %end;
    .thread T_0;
    .scope S_0x556308c27070;
T_1 ;
    %load/vec4 v0x556308c5d100_0;
    %dup/vec4;
    %pushi/vec4 0, 0, 1;
    %cmp/u;
    %jmp/1 T_1.0, 6;
    %dup/vec4;
    %pushi/vec4 1, 0, 1;
    %cmp/u;
    %jmp/1 T_1.1, 6;
    %jmp T_1.2;
T_1.0 ;
    %delay 1, 0;
    %pushi/vec4 1, 0, 1;
    %store/vec4 v0x556308c5d100_0, 0, 1;
    %jmp T_1.2;
T_1.1 ;
    %delay 1, 0;
    %pushi/vec4 0, 0, 1;
    %store/vec4 v0x556308c5d100_0, 0, 1;
    %jmp T_1.2;
T_1.2 ;
    %pop/vec4 1;
    %jmp T_1;
    .thread T_1;
    .scope S_0x556308c5ceb0;
T_2 ;
    %vpi_call 2 9 "$dumpfile", "tb_clock4.vcd" {0 0 0};
    %vpi_call 2 10 "$dumpvars", 32'sb00000000000000000000000000000000 {0 0 0};
    %end;
    .thread T_2;
    .scope S_0x556308c5ceb0;
T_3 ;
    %vpi_call 2 14 "$monitor", "%0d\011clk4=", $time, v0x556308c6c8c0_0 {0 0 0};
    %delay 10, 0;
    %vpi_call 2 15 "$finish" {0 0 0};
    %end;
    .thread T_3;
# The file index is used to find the file name in the following table.
:file_names 4;
    "N/A";
    "<interactive>";
    "tb_clock4.v";
    "./clock4.v";
