#! /usr/bin/vvp
:ivl_version "10.3 (stable)";
:ivl_delay_selection "TYPICAL";
:vpi_time_precision + 0;
:vpi_module "system";
:vpi_module "vhdl_sys";
:vpi_module "v2005_math";
:vpi_module "va_math";
S_0x565389258c40 .scope module, "tb_clock6" "tb_clock6" 2 3;
 .timescale 0 0;
v0x565389267d60_0 .net "clk6", 0 0, v0x565389223240_0;  1 drivers
S_0x565389223070 .scope module, "CLK6GEN" "clock6" 2 16, 3 1 0, S_0x565389258c40;
 .timescale 0 0;
    .port_info 0 /OUTPUT 1 "clk6"
v0x565389223240_0 .var "clk6", 0 0;
    .scope S_0x565389223070;
T_0 ;
    %pushi/vec4 0, 0, 1;
    %store/vec4 v0x565389223240_0, 0, 1;
    %end;
    .thread T_0;
    .scope S_0x565389223070;
T_1 ;
    %load/vec4 v0x565389223240_0;
    %load/vec4 v0x565389223240_0;
    %nor/r;
    %or;
    %flag_set/vec4 8;
    %jmp/0xz  T_1.0, 8;
    %delay 1, 0;
    %load/vec4 v0x565389223240_0;
    %addi 1, 0, 1;
    %store/vec4 v0x565389223240_0, 0, 1;
T_1.0 ;
    %jmp T_1;
    .thread T_1;
    .scope S_0x565389258c40;
T_2 ;
    %vpi_call 2 7 "$dumpfile", "tb_clock6.vcd" {0 0 0};
    %vpi_call 2 8 "$dumpvars", 32'sb00000000000000000000000000000000 {0 0 0};
    %end;
    .thread T_2;
    .scope S_0x565389258c40;
T_3 ;
    %vpi_call 2 12 "$monitor", "%0d\011clk6=", $time, v0x565389267d60_0 {0 0 0};
    %delay 10, 0;
    %vpi_call 2 13 "$finish" {0 0 0};
    %end;
    .thread T_3;
# The file index is used to find the file name in the following table.
:file_names 4;
    "N/A";
    "<interactive>";
    "tb_clock6.v";
    "./clock6.v";
